[    0.000000] Linux version 4.15.0-180-generic (buildd@lcy02-amd64-097) (gcc version 7.5.0 (Ubuntu 7.5.0-3ubuntu1~18.04)) #189-Ubuntu SMP Wed May 18 14:13:57 UTC 2022 (Ubuntu 4.15.0-180.189-generic 4.15.18)
[    0.000000] Command line: BOOT_IMAGE=/boot/vmlinuz-4.15.0-180-generic root=UUID=36fe2e71-aa16-42f4-8c31-a7df248aaecf ro console=tty1 console=ttyS0
[    0.000000] KERNEL supported cpus:
[    0.000000]   Intel GenuineIntel
[    0.000000]   AMD AuthenticAMD
[    0.000000]   Centaur CentaurHauls
[    0.000000] x86/fpu: Supporting XSAVE feature 0x001: 'x87 floating point registers'
[    0.000000] x86/fpu: Supporting XSAVE feature 0x002: 'SSE registers'
[    0.000000] x86/fpu: Supporting XSAVE feature 0x004: 'AVX registers'
[    0.000000] x86/fpu: xstate_offset[2]:  576, xstate_sizes[2]:  256
[    0.000000] x86/fpu: Enabled xstate features 0x7, context size is 832 bytes, using 'standard' format.
[    0.000000] e820: BIOS-provided physical RAM map:
[    0.000000] BIOS-e820: [mem 0x0000000000000000-0x000000000009fbff] usable
[    0.000000] BIOS-e820: [mem 0x000000000009fc00-0x000000000009ffff] reserved
[    0.000000] BIOS-e820: [mem 0x00000000000f0000-0x00000000000fffff] reserved
[    0.000000] BIOS-e820: [mem 0x0000000000100000-0x000000003ffeffff] usable
[    0.000000] BIOS-e820: [mem 0x000000003fff0000-0x000000003fffffff] ACPI data
[    0.000000] BIOS-e820: [mem 0x00000000fec00000-0x00000000fec00fff] reserved
[    0.000000] BIOS-e820: [mem 0x00000000fee00000-0x00000000fee00fff] reserved
[    0.000000] BIOS-e820: [mem 0x00000000fffc0000-0x00000000ffffffff] reserved
[    0.000000] NX (Execute Disable) protection: active
[    0.000000] SMBIOS 2.5 present.
[    0.000000] DMI: innotek GmbH VirtualBox/VirtualBox, BIOS VirtualBox 12/01/2006
[    0.000000] Hypervisor detected: KVM
[    0.000000] e820: last_pfn = 0x3fff0 max_arch_pfn = 0x400000000
[    0.000000] MTRR: Disabled
[    0.000000] x86/PAT: MTRRs disabled, skipping PAT initialization too.
[    0.000000] CPU MTRRs all blank - virtualized system.
[    0.000000] x86/PAT: Configuration [0-7]: WB  WT  UC- UC  WB  WT  UC- UC  
[    0.000000] found SMP MP-table at [mem 0x0009fff0-0x0009ffff]
[    0.000000] Scanning 1 areas for low memory corruption
[    0.000000] RAMDISK: [mem 0x3581b000-0x36c04fff]
[    0.000000] ACPI: Early table checksum verification disabled
[    0.000000] ACPI: RSDP 0x00000000000E0000 000024 (v02 VBOX  )
[    0.000000] ACPI: XSDT 0x000000003FFF0030 00003C (v01 VBOX   VBOXXSDT 00000001 ASL  00000061)
[    0.000000] ACPI: FACP 0x000000003FFF00F0 0000F4 (v04 VBOX   VBOXFACP 00000001 ASL  00000061)
[    0.000000] ACPI: DSDT 0x000000003FFF0470 002325 (v02 VBOX   VBOXBIOS 00000002 INTL 20100528)
[    0.000000] ACPI: FACS 0x000000003FFF0200 000040
[    0.000000] ACPI: FACS 0x000000003FFF0200 000040
[    0.000000] ACPI: APIC 0x000000003FFF0240 00005C (v02 VBOX   VBOXAPIC 00000001 ASL  00000061)
[    0.000000] ACPI: SSDT 0x000000003FFF02A0 0001CC (v01 VBOX   VBOXCPUT 00000002 INTL 20100528)
[    0.000000] ACPI: Reserving FACP table memory at [mem 0x3fff00f0-0x3fff01e3]
[    0.000000] ACPI: Reserving DSDT table memory at [mem 0x3fff0470-0x3fff2794]
[    0.000000] ACPI: Reserving FACS table memory at [mem 0x3fff0200-0x3fff023f]
[    0.000000] ACPI: Reserving FACS table memory at [mem 0x3fff0200-0x3fff023f]
[    0.000000] ACPI: Reserving APIC table memory at [mem 0x3fff0240-0x3fff029b]
[    0.000000] ACPI: Reserving SSDT table memory at [mem 0x3fff02a0-0x3fff046b]
[    0.000000] No NUMA configuration found
[    0.000000] Faking a node at [mem 0x0000000000000000-0x000000003ffeffff]
[    0.000000] NODE_DATA(0) allocated [mem 0x3ffc5000-0x3ffeffff]
[    0.000000] kvm-clock: cpu 0, msr 0:3ff44001, primary cpu clock
[    0.000000] kvm-clock: Using msrs 4b564d01 and 4b564d00
[    0.000000] kvm-clock: using sched offset of 5698775507 cycles
[    0.000000] clocksource: kvm-clock: mask: 0xffffffffffffffff max_cycles: 0x1cd42e4dffb, max_idle_ns: 881590591483 ns
[    0.000000] Zone ranges:
[    0.000000]   DMA      [mem 0x0000000000001000-0x0000000000ffffff]
[    0.000000]   DMA32    [mem 0x0000000001000000-0x000000003ffeffff]
[    0.000000]   Normal   empty
[    0.000000]   Device   empty
[    0.000000] Movable zone start for each node
[    0.000000] Early memory node ranges
[    0.000000]   node   0: [mem 0x0000000000001000-0x000000000009efff]
[    0.000000]   node   0: [mem 0x0000000000100000-0x000000003ffeffff]
[    0.000000] Reserved but unavailable: 104 pages
[    0.000000] Initmem setup node 0 [mem 0x0000000000001000-0x000000003ffeffff]
[    0.000000] ACPI: PM-Timer IO Port: 0x4008
[    0.000000] IOAPIC[0]: apic_id 2, version 32, address 0xfec00000, GSI 0-23
[    0.000000] ACPI: INT_SRC_OVR (bus 0 bus_irq 0 global_irq 2 dfl dfl)
[    0.000000] ACPI: INT_SRC_OVR (bus 0 bus_irq 9 global_irq 9 low level)
[    0.000000] Using ACPI (MADT) for SMP configuration information
[    0.000000] smpboot: Allowing 2 CPUs, 0 hotplug CPUs
[    0.000000] PM: Registered nosave memory: [mem 0x00000000-0x00000fff]
[    0.000000] PM: Registered nosave memory: [mem 0x0009f000-0x0009ffff]
[    0.000000] PM: Registered nosave memory: [mem 0x000a0000-0x000effff]
[    0.000000] PM: Registered nosave memory: [mem 0x000f0000-0x000fffff]
[    0.000000] e820: [mem 0x40000000-0xfebfffff] available for PCI devices
[    0.000000] Booting paravirtualized kernel on KVM
[    0.000000] clocksource: refined-jiffies: mask: 0xffffffff max_cycles: 0xffffffff, max_idle_ns: 7645519600211568 ns
[    0.000000] random: get_random_bytes called from start_kernel+0x99/0x500 with crng_init=0
[    0.000000] setup_percpu: NR_CPUS:8192 nr_cpumask_bits:2 nr_cpu_ids:2 nr_node_ids:1
[    0.000000] percpu: Embedded 50 pages/cpu s167936 r8192 d28672 u1048576
[    0.000000] PV qspinlock hash table entries: 256 (order: 0, 4096 bytes)
[    0.000000] Built 1 zonelists, mobility grouping on.  Total pages: 257913
[    0.000000] Policy zone: DMA32
[    0.000000] Kernel command line: BOOT_IMAGE=/boot/vmlinuz-4.15.0-180-generic root=UUID=36fe2e71-aa16-42f4-8c31-a7df248aaecf ro console=tty1 console=ttyS0
[    0.000000] Memory: 981784K/1048120K available (12300K kernel code, 2484K rwdata, 4324K rodata, 2468K init, 2724K bss, 66336K reserved, 0K cma-reserved)
[    0.000000] SLUB: HWalign=64, Order=0-3, MinObjects=0, CPUs=2, Nodes=1
[    0.000000] Kernel/User page tables isolation: enabled
[    0.000000] ftrace: allocating 39507 entries in 155 pages
[    0.004000] Hierarchical RCU implementation.
[    0.004000] 	RCU restricting CPUs from NR_CPUS=8192 to nr_cpu_ids=2.
[    0.004000] 	Tasks RCU enabled.
[    0.004000] RCU: Adjusting geometry for rcu_fanout_leaf=16, nr_cpu_ids=2
[    0.004000] NR_IRQS: 524544, nr_irqs: 440, preallocated irqs: 16
[    0.004000] Console: colour VGA+ 80x25
[    0.004000] console [tty1] enabled
[    0.004000] console [ttyS0] enabled
[    0.004000] ACPI: Core revision 20170831
[    0.004000] ACPI: 2 ACPI AML tables successfully acquired and loaded
[    0.004000] APIC: Switch to symmetric I/O mode setup
[    0.004000] x2apic enabled
[    0.004014] Switched APIC routing to physical x2apic.
[    0.008000] ..TIMER: vector=0x30 apic1=0 pin1=2 apic2=-1 pin2=-1
[    0.008012] tsc: Detected 1992.000 MHz processor
[    0.012027] Calibrating delay loop (skipped) preset value.. 3984.00 BogoMIPS (lpj=7968000)
[    0.016012] pid_max: default: 32768 minimum: 301
[    0.020119] Security Framework initialized
[    0.024010] Yama: becoming mindful.
[    0.026381] AppArmor: AppArmor initialized
[    0.032182] Dentry cache hash table entries: 131072 (order: 8, 1048576 bytes)
[    0.040278] Inode-cache hash table entries: 65536 (order: 7, 524288 bytes)
[    0.044038] Mount-cache hash table entries: 2048 (order: 2, 16384 bytes)
[    0.048041] Mountpoint-cache hash table entries: 2048 (order: 2, 16384 bytes)
[    0.052943] Last level iTLB entries: 4KB 64, 2MB 8, 4MB 8
[    0.056012] Last level dTLB entries: 4KB 64, 2MB 0, 4MB 0, 1GB 4
[    0.060016] Spectre V1 : Mitigation: usercopy/swapgs barriers and __user pointer sanitization
[    0.064016] Spectre V2 : Mitigation: Retpolines
[    0.068042] Spectre V2 : Spectre v2 / SpectreRSB mitigation: Filling RSB on context switch
[    0.072011] Speculative Store Bypass: Vulnerable
[    0.076134] SRBDS: Unknown: Dependent on hypervisor status
[    0.080010] MDS: Mitigation: Clear CPU buffers
[    0.084475] Freeing SMP alternatives memory: 36K
[    0.194482] smpboot: CPU0: Intel(R) Core(TM) i7-8550U CPU @ 1.80GHz (family: 0x6, model: 0x8e, stepping: 0xa)
[    0.196279] Performance Events: unsupported p6 CPU model 142 no PMU driver, software events only.
[    0.200111] Hierarchical SRCU implementation.
[    0.209223] NMI watchdog: Perf event create on CPU 0 failed with -2
[    0.212012] NMI watchdog: Perf NMI watchdog permanently disabled
[    0.216294] smp: Bringing up secondary CPUs ...
[    0.220376] x86: Booting SMP configuration:
[    0.224027] .... node  #0, CPUs:      #1
[    0.004000] kvm-clock: cpu 1, msr 0:3ff44041, secondary cpu clock
[    0.232072] smp: Brought up 1 node, 2 CPUs
[    0.236013] smpboot: Max logical packages: 1
[    0.240020] smpboot: Total of 2 processors activated (7968.00 BogoMIPS)
[    0.244287] devtmpfs: initialized
[    0.248159] x86/mm: Memory block size: 128MB
[    0.251813] evm: security.selinux
[    0.252013] evm: security.SMACK64
[    0.256012] evm: security.SMACK64EXEC
[    0.258335] evm: security.SMACK64TRANSMUTE
[    0.260010] evm: security.SMACK64MMAP
[    0.264005] evm: security.apparmor
[    0.266145] evm: security.ima
[    0.268008] evm: security.capability
[    0.270221] clocksource: jiffies: mask: 0xffffffff max_cycles: 0xffffffff, max_idle_ns: 7645041785100000 ns
[    0.272058] futex hash table entries: 512 (order: 3, 32768 bytes)
[    0.276118] pinctrl core: initialized pinctrl subsystem
[    0.284235] RTC time: 16:45:48, date: 05/24/22
[    0.288341] NET: Registered protocol family 16
[    0.291485] audit: initializing netlink subsys (disabled)
[    0.292072] audit: type=2000 audit(1653410755.074:1): state=initialized audit_enabled=0 res=1
[    0.300024] cpuidle: using governor ladder
[    0.302654] cpuidle: using governor menu
[    0.304139] ACPI: bus type PCI registered
[    0.308013] acpiphp: ACPI Hot Plug PCI Controller Driver version: 0.5
[    0.312453] PCI: Using configuration type 1 for base access
[    0.321122] HugeTLB registered 2.00 MiB page size, pre-allocated 0 pages
[    0.324166] ACPI: Added _OSI(Module Device)
[    0.328021] ACPI: Added _OSI(Processor Device)
[    0.332031] ACPI: Added _OSI(3.0 _SCP Extensions)
[    0.336000] ACPI: Added _OSI(Processor Aggregator Device)
[    0.336013] ACPI: Added _OSI(Linux-Dell-Video)
[    0.339223] ACPI: Added _OSI(Linux-Lenovo-NV-HDMI-Audio)
[    0.340016] ACPI: Added _OSI(Linux-HPI-Hybrid-Graphics)
[    0.344720] ACPI: Executed 1 blocks of module-level executable AML code
[    0.359123] ACPI: Interpreter enabled
[    0.360043] ACPI: (supports S0 S5)
[    0.362651] ACPI: Using IOAPIC for interrupt routing
[    0.368651] PCI: Using host bridge windows from ACPI; if necessary, use "pci=nocrs" and report a bug
[    0.372491] ACPI: Enabled 2 GPEs in block 00 to 07
[    0.399385] ACPI: PCI Root Bridge [PCI0] (domain 0000 [bus 00-ff])
[    0.400026] acpi PNP0A03:00: _OSC: OS supports [ASPM ClockPM Segments MSI]
[    0.409575] acpi PNP0A03:00: _OSC: not requesting OS control; OS requires [ExtendedConfig ASPM ClockPM MSI]
[    0.412045] acpi PNP0A03:00: fail to add MMCONFIG information, can't access extended PCI configuration space under this bridge.
[    0.417484] PCI host bridge to bus 0000:00
[    0.420015] pci_bus 0000:00: root bus resource [io  0x0000-0x0cf7 window]
[    0.424054] pci_bus 0000:00: root bus resource [io  0x0d00-0xffff window]
[    0.428082] pci_bus 0000:00: root bus resource [mem 0x000a0000-0x000bffff window]
[    0.436025] pci_bus 0000:00: root bus resource [mem 0x40000000-0xfdffffff window]
[    0.440034] pci_bus 0000:00: root bus resource [bus 00-ff]
[    0.452465] pci 0000:00:01.1: legacy IDE quirk: reg 0x10: [io  0x01f0-0x01f7]
[    0.456013] pci 0000:00:01.1: legacy IDE quirk: reg 0x14: [io  0x03f6]
[    0.460012] pci 0000:00:01.1: legacy IDE quirk: reg 0x18: [io  0x0170-0x0177]
[    0.464013] pci 0000:00:01.1: legacy IDE quirk: reg 0x1c: [io  0x0376]
[    0.504170] pci 0000:00:07.0: quirk: [io  0x4000-0x403f] claimed by PIIX4 ACPI
[    0.508064] pci 0000:00:07.0: quirk: [io  0x4100-0x410f] claimed by PIIX4 SMB
[    0.526088] ACPI: PCI Interrupt Link [LNKA] (IRQs 5 9 10 *11)
[    0.529195] ACPI: PCI Interrupt Link [LNKB] (IRQs 5 9 *10 11)
[    0.532385] ACPI: PCI Interrupt Link [LNKC] (IRQs 5 *9 10 11)
[    0.536361] ACPI: PCI Interrupt Link [LNKD] (IRQs 5 9 10 *11)
[    0.544869] SCSI subsystem initialized
[    0.548151] pci 0000:00:02.0: vgaarb: setting as boot VGA device
[    0.551232] pci 0000:00:02.0: vgaarb: VGA device added: decodes=io+mem,owns=io+mem,locks=none
[    0.552019] pci 0000:00:02.0: vgaarb: bridge control possible
[    0.556011] vgaarb: loaded
[    0.558297] ACPI: bus type USB registered
[    0.560076] usbcore: registered new interface driver usbfs
[    0.564040] usbcore: registered new interface driver hub
[    0.568033] usbcore: registered new device driver usb
[    0.572152] EDAC MC: Ver: 3.0.0
[    0.576022] PCI: Using ACPI for IRQ routing
[    0.579723] NetLabel: Initializing
[    0.580011] NetLabel:  domain hash size = 128
[    0.584008] NetLabel:  protocols = UNLABELED CIPSOv4 CALIPSO
[    0.588061] NetLabel:  unlabeled traffic allowed by default
[    0.600000] clocksource: Switched to clocksource kvm-clock
[    0.644204] VFS: Disk quotas dquot_6.6.0
[    0.647685] VFS: Dquot-cache hash table entries: 512 (order 0, 4096 bytes)
[    0.652534] AppArmor: AppArmor Filesystem Enabled
[    0.655932] pnp: PnP ACPI init
[    0.661546] pnp: PnP ACPI: found 3 devices
[    0.681883] clocksource: acpi_pm: mask: 0xffffff max_cycles: 0xffffff, max_idle_ns: 2085701024 ns
[    0.687666] NET: Registered protocol family 2
[    0.691177] IP idents hash table entries: 16384 (order: 5, 131072 bytes)
[    0.702603] TCP established hash table entries: 8192 (order: 4, 65536 bytes)
[    0.708443] TCP bind hash table entries: 8192 (order: 5, 131072 bytes)
[    0.713920] TCP: Hash tables configured (established 8192 bind 8192)
[    0.718652] UDP hash table entries: 512 (order: 2, 16384 bytes)
[    0.723197] UDP-Lite hash table entries: 512 (order: 2, 16384 bytes)
[    0.727390] NET: Registered protocol family 1
[    0.730060] pci 0000:00:00.0: Limiting direct PCI/PCI transfers
[    0.733500] pci 0000:00:01.0: Activating ISA DMA hang workarounds
[    0.737189] pci 0000:00:02.0: Video device with shadowed ROM at [mem 0x000c0000-0x000dffff]
[    0.743421] Unpacking initramfs...
[    1.693507] Freeing initrd memory: 20392K
[    1.696632] clocksource: tsc: mask: 0xffffffffffffffff max_cycles: 0x396d519840e, max_idle_ns: 881590569543 ns
[    1.703352] platform rtc_cmos: registered platform RTC device (no PNP device found)
[    1.708834] Scanning for low memory corruption every 60 seconds
[    1.715085] Initialise system trusted keyrings
[    1.718296] Key type blacklist registered
[    1.721356] workingset: timestamp_bits=36 max_order=18 bucket_order=0
[    1.729741] zbud: loaded
[    1.733217] squashfs: version 4.0 (2009/01/31) Phillip Lougher
[    1.738921] fuse init (API version 7.26)
[    1.748396] Key type asymmetric registered
[    1.751046] Asymmetric key parser 'x509' registered
[    1.756183] Block layer SCSI generic (bsg) driver version 0.4 loaded (major 246)
[    1.762535] io scheduler noop registered
[    1.764590] io scheduler deadline registered
[    1.767358] io scheduler cfq registered (default)
[    1.771785] ACPI: AC Adapter [AC] (off-line)
[    1.774616] input: Power Button as /devices/LNXSYSTM:00/LNXPWRBN:00/input/input0
[    1.779780] ACPI: Power Button [PWRF]
[    1.782593] input: Sleep Button as /devices/LNXSYSTM:00/LNXSLPBN:00/input/input1
[    1.788935] ACPI: Sleep Button [SLPF]
[    1.794679] ACPI: Battery Slot [BAT0] (battery present)
[    1.798774] Serial: 8250/16550 driver, 32 ports, IRQ sharing enabled
[    1.824366] 00:02: ttyS0 at I/O 0x3f8 (irq = 4, base_baud = 115200) is a 16550A
[    1.836653] Linux agpgart interface v0.103
[    1.844343] loop: module loaded
[    1.850545] scsi host0: ata_piix
[    1.853481] scsi host1: ata_piix
[    1.857424] ata1: PATA max UDMA/33 cmd 0x1f0 ctl 0x3f6 bmdma 0xd000 irq 14
[    1.861075] ata2: PATA max UDMA/33 cmd 0x170 ctl 0x376 bmdma 0xd008 irq 15
[    1.865251] tun: Universal TUN/TAP device driver, 1.6
[    1.867812] PPP generic driver version 2.4.2
[    1.869515] ehci_hcd: USB 2.0 'Enhanced' Host Controller (EHCI) Driver
[    1.872922] ehci-pci: EHCI PCI platform driver
[    1.875852] ehci-platform: EHCI generic platform driver
[    1.878044] ohci_hcd: USB 1.1 'Open' Host Controller (OHCI) Driver
[    1.880390] ohci-pci: OHCI PCI platform driver
[    1.883041] ohci-platform: OHCI generic platform driver
[    1.885643] uhci_hcd: USB Universal Host Controller Interface driver
[    1.889139] i8042: PNP: PS/2 Controller [PNP0303:PS2K,PNP0f03:PS2M] at 0x60,0x64 irq 1,12
[    1.894044] serio: i8042 KBD port at 0x60,0x64 irq 1
[    1.896407] serio: i8042 AUX port at 0x60,0x64 irq 12
[    1.898956] mousedev: PS/2 mouse device common for all mice
[    1.902590] input: AT Translated Set 2 keyboard as /devices/platform/i8042/serio0/input/input2
[    1.907765] rtc_cmos rtc_cmos: rtc core: registered rtc_cmos as rtc0
[    1.911787] rtc_cmos rtc_cmos: alarms up to one day, 114 bytes nvram
[    1.915962] i2c /dev entries driver
[    1.917954] device-mapper: uevent: version 1.0.3
[    1.920473] device-mapper: ioctl: 4.37.0-ioctl (2017-09-20) initialised: dm-devel@redhat.com
[    1.926666] ledtrig-cpu: registered to indicate activity on CPUs
[    1.930315] NET: Registered protocol family 10
[    1.939346] Segment Routing with IPv6
[    1.941865] NET: Registered protocol family 17
[    1.944723] Key type dns_resolver registered
[    1.947672] mce: Using 0 MCE banks
[    1.949682] RAS: Correctable Errors collector initialized.
[    1.952061] sched_clock: Marking stable (1949646889, 0)->(2598696832, -649049943)
[    1.963714] registered taskstats version 1
[    1.965402] Loading compiled-in X.509 certificates
[    1.972376] Loaded X.509 cert 'Build time autogenerated kernel key: 5b165579d658a5808005e73a2425cc20635793b1'
[    1.981113] Loaded X.509 cert 'Canonical Ltd. Live Patch Signing: 14df34d1a87cf37625abec039ef2bf521249b969'
[    1.989039] Loaded X.509 cert 'Canonical Ltd. Kernel Module Signing: 88f752e560a1e0737e31163a466ad7b70a850c19'
[    1.994516] blacklist: Loading compiled-in revocation X.509 certificates
[    1.997725] Loaded X.509 cert 'Canonical Ltd. Secure Boot Signing: 61482aa2830d0ab2ad5af10b7250da9033ddcef0'
[    2.002696] zswap: loaded using pool lzo/zbud
[    2.015302] Key type big_key registered
[    2.017569] Key type trusted registered
[    2.039246] Key type encrypted registered
[    2.042497] AppArmor: AppArmor sha1 policy hashing enabled
[    2.046083] ima: No TPM chip found, activating TPM-bypass! (rc=-19)
[    2.050906] ima: Allocated hash algorithm: sha1
[    2.054586] evm: HMAC attrs: 0x1
[    2.057491]   Magic number: 6:730:793
[    2.060413] rtc_cmos rtc_cmos: setting system clock to 2022-05-24 16:45:50 UTC (1653410750)
[    2.065463] BIOS EDD facility v0.16 2004-Jun-25, 0 devices found
[    2.068734] EDD information not available.
[    2.079181] Freeing unused kernel image memory: 2468K
[    2.096697] Write protecting the kernel read-only data: 20480k
[    2.101560] Freeing unused kernel image memory: 2008K
[    2.106112] Freeing unused kernel image memory: 1820K
[    2.134590] x86/mm: Checked W+X mappings: passed, no W+X pages found.
[    2.138759] x86/mm: Checking user space page tables
[    2.163936] x86/mm: Checked W+X mappings: passed, no W+X pages found.
Loading, please wait...
starting version 237
[    2.411591] Fusion MPT base driver 3.04.20
[    2.414951] Copyright (c) 1999-2008 LSI Corporation
[    2.434448] e1000: Intel(R) PRO/1000 Network Driver - version 7.3.21-k8-NAPI
[    2.439112] e1000: Copyright (c) 1999-2006 Intel Corporation.
[    2.505312] AVX2 version of gcm_enc/dec engaged.
[    2.509518] AES CTR mode by8 optimization enabled
[    2.527739] Fusion MPT SPI Host driver 3.04.20
[    2.710377] input: ImExPS/2 Generic Explorer Mouse as /devices/platform/i8042/serio1/input/input4
[    3.265284] e1000 0000:00:03.0 eth0: (PCI:33MHz:32-bit) 02:24:5f:5f:ac:56
[    3.268740] e1000 0000:00:03.0 eth0: Intel(R) PRO/1000 Network Connection
[    3.273956] e1000 0000:00:03.0 enp0s3: renamed from eth0
[    3.278791] mptbase: ioc0: Initiating bringup
[    3.376969] ioc0: LSI53C1030 A0: Capabilities={Initiator}
[    3.626477] scsi host2: ioc0: LSI53C1030 A0, FwRev=00000000h, Ports=1, MaxQ=256, IRQ=20
[    3.802590] scsi 2:0:0:0: Direct-Access     VBOX     HARDDISK         1.0  PQ: 0 ANSI: 5
[    3.840704] scsi target2:0:0: Beginning Domain Validation
[    3.849166] scsi target2:0:0: Domain Validation skipping write tests
[    3.853523] scsi target2:0:0: Ending Domain Validation
[    3.857974] scsi target2:0:0: asynchronous
[    3.862917] scsi 2:0:1:0: Direct-Access     VBOX     HARDDISK         1.0  PQ: 0 ANSI: 5
[    3.900827] scsi target2:0:1: Beginning Domain Validation
[    3.906503] random: fast init done
[    3.913622] scsi target2:0:1: Domain Validation skipping write tests
[    3.917387] scsi target2:0:1: Ending Domain Validation
[    3.921630] scsi target2:0:1: asynchronous
[    3.937083] random: systemd-udevd: uninitialized urandom read (16 bytes read)
[    3.937602] sd 2:0:0:0: Attached scsi generic sg0 type 0
[    3.942057] random: systemd-udevd: uninitialized urandom read (16 bytes read)
[    3.948430] sd 2:0:1:0: Attached scsi generic sg1 type 0
[    3.952019] random: systemd-udevd: uninitialized urandom read (16 bytes read)
[    3.961583] sd 2:0:0:0: [sda] 83886080 512-byte logical blocks: (42.9 GB/40.0 GiB)
[    3.966822] sd 2:0:1:0: [sdb] 20480 512-byte logical blocks: (10.5 MB/10.0 MiB)
[    3.968398] sd 2:0:0:0: [sda] Write Protect is off
[    3.975880] sd 2:0:1:0: [sdb] Write Protect is off
[    3.976324] sd 2:0:0:0: [sda] Incomplete mode parameter data
[    3.982868] sd 2:0:0:0: [sda] Assuming drive cache: write through
[    3.987644] sd 2:0:1:0: [sdb] Incomplete mode parameter data
[    3.991499] sd 2:0:1:0: [sdb] Assuming drive cache: write through
[    3.998313]  sda: sda1
[    4.001440] sd 2:0:0:0: [sda] Attached SCSI disk
[    4.008339] sd 2:0:1:0: [sdb] Attached SCSI disk
Begin: Loading essential drivers ... [    6.472118] raid6: sse2x1   gen()  3846 MB/s
[    6.520121] raid6: sse2x1   xor()  3007 MB/s
[    6.568124] raid6: sse2x2   gen()  5011 MB/s
[    6.616120] raid6: sse2x2   xor()  3723 MB/s
[    6.664135] raid6: sse2x4   gen()  5991 MB/s
[    6.712083] raid6: sse2x4   xor()  4024 MB/s
[    6.760117] raid6: avx2x1   gen()  4399 MB/s
[    6.808080] raid6: avx2x1   xor()  5504 MB/s
[    6.856113] raid6: avx2x2   gen()  8812 MB/s
[    6.904191] raid6: avx2x2   xor()  5907 MB/s
[    6.952093] raid6: avx2x4   gen() 12935 MB/s
[    7.000082] raid6: avx2x4   xor()  7388 MB/s
[    7.002550] raid6: using algorithm avx2x4 gen() 12935 MB/s
[    7.006682] raid6: .... xor() 7388 MB/s, rmw enabled
[    7.010905] raid6: using avx2x2 recovery algorithm
[    7.018206] xor: automatically using best checksumming function   avx       
[    7.026788] async_tx: api initialized (async)
done.
Begin: Running /scripts/init-premount ... done.
Begin: Mounting root file system ... Begin: Running /scripts/local-top ... done.
Begin: Running /scripts/local-premount ... [    7.184331] Btrfs loaded, crc32c=crc32c-intel
Scanning for Btrfs filesystems
done.
Begin: Will now check root file system ... fsck from util-linux 2.31.1
[/sbin/fsck.ext4 (1) -- /dev/sda1] fsck.ext4 -a -C0 /dev/sda1 
cloudimg-rootfs: clean, 98773/5120000 files, 758351/10485499 blocks
done.
[    7.291839] EXT4-fs (sda1): mounted filesystem with ordered data mode. Opts: (null)
done.
Begin: Running /scripts/local-bottom ... done.
Begin: Running /scripts/init-bottom ... done.
[    7.645423] ip_tables: (C) 2000-2006 Netfilter Core Team
[    7.664288] systemd[1]: systemd 237 running in system mode. (+PAM +AUDIT +SELINUX +IMA +APPARMOR +SMACK +SYSVINIT +UTMP +LIBCRYPTSETUP +GCRYPT +GNUTLS +ACL +XZ +LZ4 +SECCOMP +BLKID +ELFUTILS +KMOD -IDN2 +IDN -PCRE2 default-hierarchy=hybrid)
[    7.679283] systemd[1]: Detected virtualization oracle.
[    7.684011] systemd[1]: Detected architecture x86-64.

Welcome to [1mUbuntu 18.04.6 LTS[0m!

[    7.699282] systemd[1]: Set hostname to <ubuntu-bionic>.
[    8.328689] systemd[1]: Reached target User and Group Name Lookups.
[[0;32m  OK  [0m] Reached target User and Group Name Lookups.
[    8.348670] systemd[1]: Created slice User and Session Slice.
[[0;32m  OK  [0m] Created slice User and Session Slice.
[    8.355647] systemd[1]: Reached target System Time Synchronized.
[[0;32m  OK  [0m] Reached target System Time Synchronized.
[    8.367643] systemd[1]: Set up automount Arbitrary Executable File Formats File System Automount Point.
[[0;32m  OK  [0m] Set up automount Arbitrary Executab…rmats File System Automount Point.
[    8.381254] systemd[1]: Created slice System Slice.
[[0;32m  OK  [0m] Created slice System Slice.
[    8.390587] systemd[1]: Listening on Network Service Netlink Socket.
[[0;32m  OK  [0m] Listening on Network Service Netlink Socket.
[[0;32m  OK  [0m] Reached target Slices.
[[0;32m  OK  [0m] Listening on udev Control Socket.
[[0;32m  OK  [0m] Listening on Journal Socket.
         Starting Uncomplicated firewall...
         Starting Load Kernel Modules...
[[0;32m  OK  [0m] Listening on udev Kernel Socket.
         Starting udev Coldplug all Devices...
[[0;32m  OK  [0m] Created slice system-serial\x2dgetty.slice.
         Starting Create list of required st…ce nodes for the current kernel...
[[0;32m  OK  [0m] Listening on LVM2 poll daemon socket.
[[0;32m  OK  [0m] Listening on Device-mapper event daemon FIFOs.
[    8.765767] Loading iSCSI transport class v2.0-870.
         Mounting Kernel Debug File System...
         Starting Set the console keyboard layout...
[[0;32m  OK  [0m] Listening on /dev/initctl Compatibility Named Pipe.
[[0;32m  OK  [0m] Listening on Syslog Socket.
[[0;32m  OK  [0m] Listening on Journal Socket (/dev/log).
[[0;32m  OK  [0m] Listening on LVM2 metadata daemon socket.
[[0;32m  OK  [0m] Reached target Swap.
         Starting Monitoring of LVM2 mirrors…ng dmeventd or progress polling...
[[0;32m  OK  [0m] Listening on Journal Audit Socket.
         Starting Journal Service...
[[0;32m  OK  [0m] Listening on fsck to fsckd communication Socket.
         Starting Remount Root and Kernel File Systems...
         Mounting POSIX Message Queue File System...
         Mounting Huge Pages File System...
[[0;32m  OK  [0m] Started Forward Password Requests to Wall Directory Watch.
[[0;32m  OK  [0m] Started Uncomplicated firewall.
[[0;32m  OK  [0m] Started Create list of required sta…vice nodes for the current kernel.
[[0;32m  OK  [0m] Mounted Kernel Debug File System.
[[0;32m  OK  [0m] Mounted POSIX Message Queue File System.
[[0;32m  OK  [0m] Mounted Huge Pages File System.
[[0;32m  OK  [0m] Started LVM2 metadata daemon.
         Starting Create Static Device Nodes in /dev...
[    8.927176] iscsi: registered transport (tcp)
[[0;32m  OK  [0m] Started Create Static Device Nodes in /dev.
[[0;32m  OK  [0m] Started Journal Service.
[    8.985727] EXT4-fs (sda1): re-mounted. Opts: (null)
[[0;32m  OK  [0m] Started Remount Root and Kernel File Systems.
         Starting Flush Journal to Persistent Storage...
         Starting udev Kernel Device Manager...
         Starting Load/Save Random Seed...
[[0;32m  OK  [0m] Started udev Coldplug all Devices.
[    9.060791] systemd-journald[418]: Received request to flush runtime journal from PID 1
[[0;32m  OK  [0m] Started udev Kernel Device Manager.
[[0;32m  OK  [0m] Started Load/Save Random Seed.
[    9.197766] random: crng init done
[    9.200104] random: 7 urandom warning(s) missed due to ratelimiting
[[0;32m  OK  [0m] Started Monitoring of LVM2 mirrors,…sing dmeventd or progress polling.
[    9.281671] iscsi: registered transport (iser)
[[0;32m  OK  [0m] Started Flush Journal to Persistent Storage.
[[0;32m  OK  [0m] Started Load Kernel Modules.
         Starting Apply Kernel Variables...
         Mounting Kernel Configuration File System...
         Mounting FUSE Control File System...
[[0;32m  OK  [0m] Mounted Kernel Configuration File System.
[[0;32m  OK  [0m] Mounted FUSE Control File System.
[[0;32m  OK  [0m] Started Apply Kernel Variables.
[[0;32m  OK  [0m] Started Set the console keyboard layout.
[[0;32m  OK  [0m] Reached target Local File Systems (Pre).
[[0;32m  OK  [0m] Reached target Local File Systems.
         Starting Set console font and keymap...
         Starting Create Volatile Files and Directories...
         Starting Tell Plymouth To Write Out Runtime Data...
         Starting AppArmor initialization...
         Starting ebtables ruleset management...
[[0;32m  OK  [0m] Started Dispatch Password Requests to Console Directory Watch.
[[0;32m  OK  [0m] Reached target Local Encrypted Volumes.
[[0;32m  OK  [0m] Started Set console font and keymap.
[[0;32m  OK  [0m] Started Tell Plymouth To Write Out Runtime Data.
[[0;32m  OK  [0m] Started Create Volatile Files and Directories.
         Starting Update UTMP about System Boot/Shutdown...
[[0;32m  OK  [0m] Started Update UTMP about System Boot/Shutdown.
[[0;32m  OK  [0m] Started ebtables ruleset management.
[[0;32m  OK  [0m] Started AppArmor initialization.
         Starting Load AppArmor profiles managed internally by snapd...
         Starting Initial cloud-init job (pre-networking)...
[[0;32m  OK  [0m] Started Load AppArmor profiles managed internally by snapd.
[[0;32m  OK  [0m] Found device /dev/ttyS0.
[[0;32m  OK  [0m] Listening on Load/Save RF Kill Switch Status /dev/rfkill Watch.
[   13.580425] cloud-init[526]: Cloud-init v. 22.1-14-g2e17a0d6-0ubuntu1~18.04.3 running 'init-local' at Tue, 24 May 2022 16:46:01 +0000. Up 12.96 seconds.
[[0;32m  OK  [0m] Started Initial cloud-init job (pre-networking).
[[0;32m  OK  [0m] Reached target Network (Pre).
         Starting Network Service...
[[0;32m  OK  [0m] Started Network Service.
         Starting Network Name Resolution...
         Starting Wait for Network to be Configured...
[[0;32m  OK  [0m] Started Network Name Resolution.
[[0;32m  OK  [0m] Reached target Network.
[[0;32m  OK  [0m] Reached target Host and Network Name Lookups.
[[0;32m  OK  [0m] Started Wait for Network to be Configured.
         Starting Initial cloud-init job (metadata service crawler)...
[   17.766481] cloud-init[672]: Cloud-init v. 22.1-14-g2e17a0d6-0ubuntu1~18.04.3 running 'init' at Tue, 24 May 2022 16:46:05 +0000. Up 16.80 seconds.
[   17.780443] cloud-init[672]: ci-info: ++++++++++++++++++++++++++++++++++++++Net device info++++++++++++++++++++++++++++++++++++++
[   17.785255] cloud-init[672]: ci-info: +--------+------+----------------------------+---------------+--------+-------------------+
[   17.790275] cloud-init[672]: ci-info: | Device |  Up  |          Address           |      Mask     | Scope  |     Hw-Address    |
[   17.794594] cloud-init[672]: ci-info: +--------+------+----------------------------+---------------+--------+-------------------+
[   17.800293] cloud-init[672]: ci-info: | enp0s3 | True |         10.0.2.15          | 255.255.255.0 | global | 02:24:5f:5f:ac:56 |
[   17.808663] cloud-init[672]: ci-info: | enp0s3 | True | fe80::24:5fff:fe5f:ac56/64 |       .       |  link  | 02:24:5f:5f:ac:56 |
[   17.814783] cloud-init[672]: ci-info: |   lo   | True |         127.0.0.1          |   255.0.0.0   |  host  |         .         |
[   17.819090] cloud-init[672]: ci-info: |   lo   | True |          ::1/128           |       .       |  host  |         .         |
[   17.823209] cloud-init[672]: ci-info: +--------+------+----------------------------+---------------+--------+-------------------+
[   17.827167] cloud-init[672]: ci-info: ++++++++++++++++++++++++++++Route IPv4 info+++++++++++++++++++++++++++++
[   17.831369] cloud-init[672]: ci-info: +-------+-------------+----------+-----------------+-----------+-------+
[   17.839227] cloud-init[672]: ci-info: | Route | Destination | Gateway  |     Genmask     | Interface | Flags |
[   17.843206] cloud-init[672]: ci-info: +-------+-------------+----------+-----------------+-----------+-------+
[   17.847551] cloud-init[672]: ci-info: |   0   |   0.0.0.0   | 10.0.2.2 |     0.0.0.0     |   enp0s3  |   UG  |
[   17.860576] cloud-init[672]: ci-info: |   1   |   10.0.2.0  | 0.0.0.0  |  255.255.255.0  |   enp0s3  |   U   |
[   17.869115] cloud-init[672]: ci-info: |   2   |   10.0.2.2  | 0.0.0.0  | 255.255.255.255 |   enp0s3  |   UH  |
[   17.872227] cloud-init[672]: ci-info: +-------+-------------+----------+-----------------+-----------+-------+
[   17.875221] cloud-init[672]: ci-info: +++++++++++++++++++Route IPv6 info+++++++++++++++++++
[   17.877160] cloud-init[672]: ci-info: +-------+-------------+---------+-----------+-------+
[   17.879471] cloud-init[672]: ci-info: | Route | Destination | Gateway | Interface | Flags |
[   17.883398] cloud-init[672]: ci-info: +-------+-------------+---------+-----------+-------+
[   17.886367] cloud-init[672]: ci-info: |   1   |  fe80::/64  |    ::   |   enp0s3  |   U   |
[   17.889730] cloud-init[672]: ci-info: |   3   |    local    |    ::   |   enp0s3  |   U   |
[   17.892763] cloud-init[672]: ci-info: |   4   |   ff00::/8  |    ::   |   enp0s3  |   U   |
[   17.899085] cloud-init[672]: ci-info: +-------+-------------+---------+-----------+-------+
[[0;32m  OK  [0m] Started Initial cloud-init job (metadata service crawler).
[[0;32m  OK  [0m] Reached target Cloud-config availability.
[[0;32m  OK  [0m] Reached target System Initialization.
[[0;32m  OK  [0m] Started Daily Cleanup of Temporary Directories.
         Starting Socket activation for snappy daemon.
[[0;32m  OK  [0m] Listening on Open-iSCSI iscsid Socket.
         Starting LXD - unix socket.
[[0;32m  OK  [0m] Started Trigger to poll for Ubuntu …(Only enabled on GCP LTS non-pro).
[[0;32m  OK  [0m] Started ACPI Events Check.
[[0;32m  OK  [0m] Reached target Paths.
[[0;32m  OK  [0m] Started Discard unused blocks once a week.
[[0;32m  OK  [0m] Listening on ACPID Listen Socket.
[[0;32m  OK  [0m] Started Daily apt download activities.
[[0;32m  OK  [0m] Started Daily apt upgrade and clean activities.
[[0;32m  OK  [0m] Listening on D-Bus System Message Bus Socket.
[[0;32m  OK  [0m] Listening on cloud-init hotplug hook socket.
[[0;32m  OK  [0m] Started Ubuntu Advantage Timer for running repeated jobs.
[[0;32m  OK  [0m] Started Message of the Day.
[[0;32m  OK  [0m] Reached target Timers.
[[0;32m  OK  [0m] Listening on UUID daemon activation socket.
[[0;32m  OK  [0m] Reached target Network is Online.
         Starting Availability of block devices...
[[0;32m  OK  [0m] Reached target Remote File Systems (Pre).
         Mounting /vagrant...
[[0;32m  OK  [0m] Listening on Socket activation for snappy daemon.
[[0;32m  OK  [0m] Listening on LXD - unix socket.
[[0;32m  OK  [0m] Started Availability of block devices.
[[0;32m  OK  [0m] Reached target Sockets.
[[0;32m  OK  [0m] Reached target Basic System.
         Starting LSB: Record successful boot for GRUB...
         Starting Login Service...
         Starting System Logging Service...
[[0;32m  OK  [0m] Started irqbalance daemon.
[[0;32m  OK  [0m] Started D-Bus System Message Bus.
         Starting Accounts Service...
         Starting Dispatcher daemon for systemd-networkd...
         Starting Snap Daemon...
[[0;32m  OK  [0m] Started Deferred execution scheduler.
         Starting Virtualbox guest utils...
         Starting LXD - container startup/shutdown...
         Starting OpenBSD Secure Shell server...
[[0;32m  OK  [0m] Started FUSE filesystem for LXC.
[[0;32m  OK  [0m] Started Regular background program processing daemon.
[[0;32m  OK  [0m] Started System Logging Service.
[[0;32m  OK  [0m] Mounted /vagrant.
[[0;32m  OK  [0m] Started Login Service.
         Starting Authorization Manager...
[[0;32m  OK  [0m] Started Unattended Upgrades Shutdown.
[[0;32m  OK  [0m] Reached target Remote File Systems.
         Starting LSB: automatic crash report generation...
         Starting Permit User Sessions...
[[0;32m  OK  [0m] Started OpenBSD Secure Shell server.
[[0;32m  OK  [0m] Started Permit User Sessions.
         Starting Hold until boot process finishes up...
         Starting Terminate Plymouth Boot Screen...
[[0;32m  OK  [0m] Started Hold until boot process finishes up.
[[0;32m  OK  [0m] Started Serial Getty on ttyS0.
         Starting Set console scheme...
[[0;32m  OK  [0m] Started Terminate Plymouth Boot Screen.
[[0;32m  OK  [0m] Started LXD - container startup/shutdown.
[[0;32m  OK  [0m] Started Authorization Manager.
[[0;32m  OK  [0m] Started Set console scheme.
[[0;32m  OK  [0m] Started Accounts Service.
[[0;32m  OK  [0m] Created slice system-getty.slice.
[[0;32m  OK  [0m] Started Getty on tty1.
[[0;32m  OK  [0m] Reached target Login Prompts.
[[0;32m  OK  [0m] Started LSB: Record successful boot for GRUB.
[[0;32m  OK  [0m] Started LSB: automatic crash report generation.
[[0;32m  OK  [0m] Started Virtualbox guest utils.
[[0;32m  OK  [0m] Created slice User Slice of vagrant.
         Starting User Manager for UID 1000...
[[0;32m  OK  [0m] Started Session 1 of user vagrant.
[[0;32m  OK  [0m] Started Dispatcher daemon for systemd-networkd.
[[0;32m  OK  [0m] Started User Manager for UID 1000.
[[0;32m  OK  [0m] Started Snap Daemon.
         Starting Wait until snapd is fully seeded...
         Starting Time & Date Service...
[[0;32m  OK  [0m] Started Time & Date Service.
[[0;32m  OK  [0m] Started Wait until snapd is fully seeded.
[[0;32m  OK  [0m] Reached target Multi-User System.
[[0;32m  OK  [0m] Reached target Graphical Interface.
         Starting Update UTMP about System Runlevel Changes...
         Starting Apply the settings specified in cloud-config...
[[0;32m  OK  [0m] Started Update UTMP about System Runlevel Changes.
[   23.578335] cloud-init[1030]: Cloud-init v. 22.1-14-g2e17a0d6-0ubuntu1~18.04.3 running 'modules:config' at Tue, 24 May 2022 16:46:11 +0000. Up 23.01 seconds.
[[0;32m  OK  [0m] Started Apply the settings specified in cloud-config.
         Starting Execute cloud user/final scripts...

Ubuntu 18.04.6 LTS ubuntu-bionic ttyS0

ubuntu-bionic login: [   26.049421] cloud-init[1140]: Cloud-init v. 22.1-14-g2e17a0d6-0ubuntu1~18.04.3 running 'modules:final' at Tue, 24 May 2022 16:46:13 +0000. Up 25.46 seconds.
[   26.049712] cloud-init[1140]: Cloud-init v. 22.1-14-g2e17a0d6-0ubuntu1~18.04.3 finished at Tue, 24 May 2022 16:46:14 +0000. Datasource DataSourceNoCloud [seed=/dev/sdb][dsmode=net].  Up 26.02 seconds
